

***********************************************************************
Fatal NI connect error 12170.

  VERSION INFORMATION:
	TNS for 32-bit Windows: Version 10.1.0.2.0 - Production
	Windows NT TCP/IP NT Protocol Adapter for 32-bit Windows: Version 10.1.0.2.0 - Production
  Time: 16-NOV-2017 13:02:24
  Tracing not turned on.
  Tns error struct:
    ns main err code: 12535
    TNS-12535: TNS: Timeout für Vorgang
    ns secondary err code: 12560
    nt main err code: 505
    TNS-00505: Timeout für Vorgang
    nt secondary err code: 60
    nt OS err code: 0
  Client address: <unknown>


***********************************************************************
Fatal NI connect error 12543, connecting to:
 (DESCRIPTION=(CONNECT_DATA=(SERVICE_NAME=ora11g)(CID=(PROGRAM=C:\Users\User\Google Drive\Schulprojekte AkPa\BSD\Programme\WMS\WMS\bin\Debug\WMS.vshost.exe)(HOST=DESKTOP-KIINQ12)(USER=User)))(ADDRESS=(PROTOCOL=TCP)(HOST=212.152.179.117)(PORT=1521)))

  VERSION INFORMATION:
	TNS for 32-bit Windows: Version 10.1.0.2.0 - Production
	Windows NT TCP/IP NT Protocol Adapter for 32-bit Windows: Version 10.1.0.2.0 - Production
  Time: 17-NOV-2017 08:23:48
  Tracing not turned on.
  Tns error struct:
    ns main err code: 12543
    TNS-12543: TNS: Ziel-Host ist nicht erreichbar
    ns secondary err code: 12560
    nt main err code: 513
    TNS-00513: Ziel-Host ist nicht erreichbar
    nt secondary err code: 51
    nt OS err code: 0


***********************************************************************
Fatal NI connect error 12543, connecting to:
 (DESCRIPTION=(CONNECT_DATA=(SERVICE_NAME=ora11g)(CID=(PROGRAM=C:\Users\User\Google Drive\Schulprojekte AkPa\BSD\Programme\WMS\WMS\bin\Debug\WMS.vshost.exe)(HOST=DESKTOP-KIINQ12)(USER=User)))(ADDRESS=(PROTOCOL=TCP)(HOST=192.168.128.152)(PORT=1521)))

  VERSION INFORMATION:
	TNS for 32-bit Windows: Version 10.1.0.2.0 - Production
	Windows NT TCP/IP NT Protocol Adapter for 32-bit Windows: Version 10.1.0.2.0 - Production
  Time: 23-NOV-2017 17:36:30
  Tracing not turned on.
  Tns error struct:
    ns main err code: 12543
    TNS-12543: TNS: Ziel-Host ist nicht erreichbar
    ns secondary err code: 12560
    nt main err code: 513
    TNS-00513: Ziel-Host ist nicht erreichbar
    nt secondary err code: 51
    nt OS err code: 0


***********************************************************************
Fatal NI connect error 12560, connecting to:
 (DESCRIPTION=(CONNECT_DATA=(SERVICE_NAME=ora11g)(CID=(PROGRAM=C:\Users\User\Google Drive\Schulprojekte AkPa\BSD\Programme\WMS\WMS\bin\Debug\WMS.vshost.exe)(HOST=DESKTOP-KIINQ12)(USER=User)))(ADDRESS=(PROTOCOL=TCP)(HOST=212.152.179.117)(PORT=1521)))

  VERSION INFORMATION:
	TNS for 32-bit Windows: Version 10.1.0.2.0 - Production
	Windows NT TCP/IP NT Protocol Adapter for 32-bit Windows: Version 10.1.0.2.0 - Production
  Time: 23-NOV-2017 22:43:12
  Tracing not turned on.
  Tns error struct:
    ns main err code: 12560
    TNS-12560: TNS: Protokolladapterfehler
    ns secondary err code: 0
    nt main err code: 538
    TNS-00538: Message 538 not found;  product=NETWORK; facility=TNS

    nt secondary err code: 65
    nt OS err code: 0


***********************************************************************
Fatal NI connect error 12170.

  VERSION INFORMATION:
	TNS for 32-bit Windows: Version 10.1.0.2.0 - Production
	Windows NT TCP/IP NT Protocol Adapter for 32-bit Windows: Version 10.1.0.2.0 - Production
  Time: 23-NOV-2017 23:45:42
  Tracing not turned on.
  Tns error struct:
    ns main err code: 12535
    TNS-12535: TNS: Timeout für Vorgang
    ns secondary err code: 12560
    nt main err code: 505
    TNS-00505: Timeout für Vorgang
    nt secondary err code: 60
    nt OS err code: 0
  Client address: <unknown>
